--- Startup times for process: Primary/TUI ---

times in msec
 clock   self+sourced   self:  sourced script
 clock   elapsed:              other lines

000.001  000.001: --- NVIM STARTING ---
001.111  001.110: event init
002.640  001.530: early init
003.175  000.535: locale set
004.220  001.046: init first window
006.407  002.187: inits 1
006.425  000.018: window checked
006.440  000.015: parsing arguments
007.331  000.025  000.025: require('vim.shared')
007.398  000.028  000.028: require('vim.inspect')
007.443  000.036  000.036: require('vim._options')
007.444  000.111  000.047: require('vim._editor')
007.445  000.207  000.072: require('vim._init_packages')
007.446  000.800: init lua interpreter
007.884  000.437: --- NVIM STARTED ---

--- Startup times for process: Embedded ---

times in msec
 clock   self+sourced   self:  sourced script
 clock   elapsed:              other lines

000.000  000.000: --- NVIM STARTING ---
000.051  000.050: event init
000.151  000.101: early init
000.363  000.212: locale set
000.388  000.025: init first window
000.587  000.199: inits 1
000.597  000.010: window checked
000.599  000.002: parsing arguments
000.890  000.021  000.021: require('vim.shared')
000.937  000.023  000.023: require('vim.inspect')
000.964  000.021  000.021: require('vim._options')
000.965  000.074  000.030: require('vim._editor')
000.966  000.129  000.034: require('vim._init_packages')
000.967  000.239: init lua interpreter
002.284  001.317: expanding arguments
002.310  000.026: inits 2
002.528  000.218: init highlight
002.529  000.001: waiting for UI
002.707  000.178: done waiting for UI
002.708  000.002: clear screen
003.039  000.017  000.017: require('vim.keymap')
004.582  001.872  001.856: require('vim._defaults')
004.584  000.003: init default mappings & autocommands
005.153  000.200  000.200: sourcing /opt/homebrew/Cellar/neovim/0.10.2_1/share/nvim/runtime/ftplugin.vim
005.313  000.114  000.114: sourcing /opt/homebrew/Cellar/neovim/0.10.2_1/share/nvim/runtime/indent.vim
005.780  000.240  000.240: require('settings')
006.578  000.516  000.516: require('lazy')
006.620  000.024  000.024: require('ffi')
006.728  000.086  000.086: require('vim.fs')
006.980  000.247  000.247: require('vim.uri')
006.988  000.365  000.032: require('vim.loader')
007.389  000.377  000.377: require('lazy.stats')
008.100  000.674  000.674: require('lazy.core.util')
008.398  000.297  000.297: require('lazy.core.config')
008.767  000.123  000.123: require('lazy.core.handler')
009.124  000.149  000.149: require('lazy.pkg')
009.128  000.251  000.101: require('lazy.core.meta')
009.132  000.363  000.113: require('lazy.core.plugin')
009.136  000.737  000.250: require('lazy.core.loader')
009.551  000.156  000.156: require('lazy.core.fragments')
011.578  000.132  000.132: require('lazy.core.handler.event')
011.709  000.130  000.130: require('lazy.core.handler.ft')
011.804  000.088  000.088: require('lazy.core.handler.cmd')
011.888  000.083  000.083: require('lazy.core.handler.keys')
012.409  000.179  000.179: sourcing /opt/homebrew/Cellar/neovim/0.10.2_1/share/nvim/runtime/filetype.lua
013.243  000.188  000.188: sourcing /Users/thet3o/.local/share/nvim/lazy/nvim-java-test/plugin/java-test.lua
014.638  000.125  000.125: require('vim.lsp.log')
015.254  000.614  000.614: require('vim.lsp.protocol')
016.019  000.450  000.450: require('vim.lsp._snippet_grammar')
016.263  000.242  000.242: require('vim.highlight')
016.267  000.002  000.002: require('vim.F')
016.276  001.021  000.327: require('vim.lsp.util')
016.461  000.089  000.089: require('vim.lsp.sync')
016.465  000.187  000.098: require('vim.lsp._changetracking')
016.637  000.171  000.171: require('vim.lsp.rpc')
016.655  002.795  000.677: require('vim.lsp')
016.667  003.031  000.236: sourcing /Users/thet3o/.local/share/nvim/lazy/nvim-lspconfig/plugin/lspconfig.lua
017.034  000.127  000.127: sourcing /Users/thet3o/.local/share/nvim/lazy/nvim-dap/plugin/dap.lua
017.962  000.196  000.196: require('mason-core.path')
018.451  000.121  000.121: require('mason-core.functional')
018.646  000.086  000.086: require('mason-core.functional.data')
018.649  000.184  000.097: require('mason-core.functional.function')
018.783  000.128  000.128: require('mason-core.functional.relation')
018.915  000.128  000.128: require('mason-core.functional.logic')
018.921  000.958  000.398: require('mason-core.platform')
019.023  000.102  000.102: require('mason.settings')
019.025  001.631  000.375: require('mason')
019.451  000.122  000.122: require('mason-core.functional.list')
019.584  000.131  000.131: require('mason-core.functional.string')
019.628  000.440  000.187: require('mason.api.command')
019.724  000.093  000.093: require('mason-registry.sources')
020.900  000.085  000.085: require('java-core.utils.notify')
021.105  000.204  000.204: require('java.utils.log')
021.106  000.368  000.080: require('java.handlers.error')
021.107  000.447  000.079: require('java.utils.jdtls2')
021.207  000.099  000.099: require('java-core.utils.async')
021.439  000.141  000.141: require('java-core.utils.log')
021.544  000.105  000.105: require('java-core.utils.class')
021.550  000.342  000.097: require('java-core.ls.clients.jdtls-client')
021.551  000.966  000.078: require('java.startup.decompile-watcher')
021.719  000.080  000.080: require('mason.ui')
022.150  000.102  000.102: require('mason-core.log')
022.154  000.221  000.118: require('mason-core.EventEmitter')
022.272  000.118  000.118: require('mason-core.optional')
022.460  000.105  000.105: require('mason-core.async')
022.545  000.083  000.083: require('mason-core.async.uv')
022.549  000.275  000.087: require('mason-core.fs')
022.558  000.751  000.137: require('mason-registry')
022.561  000.841  000.090: require('java.utils.mason')
022.636  000.074  000.074: require('java.ui.lazy')
022.753  000.116  000.116: require('java-core.utils.list')
022.757  001.205  000.094: require('java.startup.mason-dep')
023.472  000.325  000.325: require('lspconfig.util')
023.548  000.075  000.075: require('lspconfig.async')
023.549  000.563  000.164: require('lspconfig.configs')
023.552  000.687  000.124: require('lspconfig')
023.630  000.077  000.077: require('java-core.utils.mason')
023.788  000.074  000.074: require('java-core.ls.servers.jdtls.config')
023.868  000.078  000.078: require('java-core.utils.path')
024.016  000.071  000.071: require('java-core.utils.file')
024.017  000.149  000.077: require('java-core.ls.servers.jdtls.plugins')
024.137  000.120  000.120: require('java-core.ls.servers.jdtls.utils')
024.139  000.508  000.087: require('java-core.ls.servers.jdtls')
024.140  001.382  000.110: require('java.startup.lspconfig-setup-wrap')
024.211  000.070  000.070: require('java.startup.startup-check')
024.281  000.070  000.070: require('java.utils.command')
024.504  000.068  000.068: require('java.utils.buffer')
024.582  000.078  000.078: require('java.utils.window')
024.740  000.082  000.082: require('java-dap.data.adapters')
024.822  000.081  000.081: require('java-core.ls.clients.java-debug-client')
024.824  000.241  000.078: require('java-dap.api.setup')
024.899  000.074  000.074: require('java-dap.api.runner')
025.187  000.106  000.106: require('java-core.utils.set')
025.278  000.090  000.090: require('java-core.ls.clients.java-test-client')
025.280  000.271  000.074: require('java-core.adapters')
025.281  000.382  000.111: require('java-core.api.test')
025.360  000.079  000.079: require('java.api.profile_config')
025.362  001.001  000.081: require('java.dap')
025.437  000.075  000.075: require('java.utils.jdtls')
025.517  000.079  000.079: require('java-test.reports.junit')
025.743  000.076  000.076: require('java-test.results.message-id')
025.814  000.070  000.070: require('java-test.results.result-status')
025.886  000.072  000.072: require('java-test.results.execution-status')
025.889  000.302  000.084: require('java-test.results.result-parser')
025.890  000.373  000.071: require('java-test.results.result-parser-factory')
026.040  000.069  000.069: require('java-test.utils.string-builder')
026.124  000.083  000.083: require('java-test.ui.report-viewer')
026.127  000.236  000.084: require('java-test.ui.floating-report-viewer')
026.129  001.847  000.084: require('java.api.test')
026.205  000.076  000.076: require('java.api.dap')
026.543  000.073  000.073: require('async.waits.wait')
026.544  000.147  000.074: require('java.utils.ui')
026.619  000.075  000.075: require('java.runner.run')
026.699  000.079  000.079: require('java.runner.run-logger')
026.701  000.383  000.083: require('java.runner.runner')
026.703  000.497  000.114: require('java.api.runner')
026.877  000.068  000.068: require('java.utils.config')
026.878  000.174  000.106: require('java.api.settings')
028.120  000.194  000.194: require('vim.version')
028.729  001.325  001.131: require('nui.utils')
028.730  001.485  000.160: require('nui.utils.buf_storage')
028.735  001.638  000.154: require('nui.utils.autocmd')
029.105  000.112  000.112: require('nui.object')
029.778  000.148  000.148: require('nui.text')
029.808  000.319  000.171: require('nui.line')
029.830  000.597  000.278: require('nui.popup.border')
029.923  000.091  000.091: require('nui.utils.keymap')
030.025  000.102  000.102: require('nui.layout.utils')
030.034  000.929  000.139: require('nui.popup')
030.228  000.102  000.102: require('nui.split.utils')
030.235  000.200  000.098: require('nui.split')
030.377  000.142  000.142: require('nui.layout.float')
030.530  000.152  000.152: require('nui.layout.split')
030.565  001.804  000.270: require('nui.layout')
031.356  000.123  000.123: require('nui.tree.util')
031.364  000.283  000.160: require('nui.tree')
031.385  000.820  000.536: require('nui.menu')
031.392  004.513  000.251: require('java.ui.profile')
031.474  000.081  000.081: require('java.config')
031.477  011.520  000.638: require('java')
031.491  011.608  000.088: sourcing /Users/thet3o/.local/share/nvim/lazy/nvim-java/plugin/java.lua
032.200  000.262  000.262: require('java.startup.mason-registry-check')
032.318  000.117  000.117: require('java.startup.exec-order-check')
032.441  000.122  000.122: require('java.startup.duplicate-setup-check')
032.588  000.146  000.146: require('java.startup.nvim-dep')
033.044  000.238  000.238: require('mason-core.result')
033.582  000.098  000.098: require('mason-core.process')
033.668  000.085  000.085: require('mason-core.spawn')
033.670  000.264  000.081: require('mason-core.managers.powershell')
033.734  000.063  000.063: require('mason.version')
033.735  000.690  000.363: require('mason-core.fetch')
033.807  000.071  000.071: require('mason-core.providers')
034.249  000.106  000.106: require('mason-core.functional.table')
034.266  000.205  000.098: require('mason-core.purl')
034.272  000.398  000.194: require('mason-core.package')
034.605  000.086  000.086: require('mason-core.installer.registry.expr')
034.609  000.257  000.170: require('mason-core.installer.registry.link')
035.004  000.073  000.073: require('mason-core.receipt')
035.014  000.162  000.089: require('mason-core.installer.context')
035.096  000.081  000.081: require('mason-core.async.control')
035.171  000.073  000.073: require('mason-core.installer.linker')
035.173  000.406  000.089: require('mason-core.installer')
035.180  000.497  000.091: require('mason-core.installer.managers.std')
035.181  000.571  000.074: require('mason-core.installer.registry.schemas')
035.256  000.075  000.075: require('mason-core.installer.registry.util')
035.261  000.988  000.085: require('mason-core.installer.registry')
035.262  001.454  000.068: require('mason-registry.sources.util')
035.266  002.676  000.223: require('mason-registry.sources.github')
036.149  000.082  000.082: require('dap.utils')
036.198  000.406  000.324: require('dap')
036.343  000.066  000.066: require('java-core.utils.event')
036.347  000.149  000.082: require('java-refactor')
036.603  000.074  000.074: require('mason-core.functional.type')
044.637  000.639  000.639: require('vim.lsp.handlers')
044.653  000.819  000.180: require('lspconfig.configs.jdtls')
046.428  000.181  000.181: require('spring_boot')
047.139  000.457  000.457: require('spring_boot.config')
047.213  000.073  000.073: require('spring_boot.vscode')
047.284  000.070  000.070: require('spring_boot.classpath')
047.504  000.088  000.088: require('spring_boot.util')
047.505  000.151  000.064: require('spring_boot.jdtls')
047.506  000.221  000.070: require('spring_boot.java_data')
047.509  001.061  000.239: require('spring_boot.launch')
048.395  000.090  000.090: require('lspconfig.manager')
048.397  016.888  010.786: require('config/nvim-java')
048.791  000.177  000.177: sourcing /Users/thet3o/.local/share/nvim/lazy/plenary.nvim/plugin/plenary.vim
049.209  000.181  000.181: sourcing /Users/thet3o/.local/share/nvim/lazy/nvim-web-devicons/plugin/nvim-web-devicons.vim
049.382  000.082  000.082: sourcing /Users/thet3o/.local/share/nvim/lazy/neo-tree.nvim/plugin/neo-tree.vim
050.803  000.224  000.224: require('neo-tree.log')
050.983  000.180  000.180: require('neo-tree.utils.filesize.filesize')
050.996  000.961  000.557: require('neo-tree.utils')
050.998  001.401  000.440: require('neo-tree')
051.811  000.265  000.265: require('neo-tree.defaults')
051.904  000.092  000.092: require('neo-tree.setup.mapping-helper')
052.140  000.080  000.080: require('neo-tree.collections')
052.143  000.162  000.082: require('neo-tree.events.queue')
052.145  000.241  000.079: require('neo-tree.events')
052.556  000.108  000.108: require('plenary.bit')
052.633  000.076  000.076: require('plenary.functional')
052.659  000.432  000.248: require('plenary.path')
052.742  000.083  000.083: require('neo-tree.sources.filesystem.lib.globtopattern')
052.746  000.600  000.086: require('neo-tree.sources.common.file-nesting')
052.951  000.205  000.205: require('neo-tree.ui.highlights')
053.702  000.113  000.113: require('neo-tree.ui.popups')
053.779  000.076  000.076: require('neo-tree.ui.windows')
053.789  000.461  000.273: require('neo-tree.ui.renderer')
054.209  000.152  000.152: require('plenary.compat')
054.217  000.338  000.186: require('plenary.job')
054.224  000.434  000.096: require('neo-tree.sources.filesystem.lib.filter_external')
054.362  000.138  000.138: require('neo-tree.sources.common.file-items')
055.049  000.196  000.196: require('neo-tree.git.utils')
055.054  000.466  000.270: require('neo-tree.git.status')
055.235  000.180  000.180: require('neo-tree.git.ignored')
055.239  000.765  000.118: require('neo-tree.git')
055.245  000.882  000.118: require('neo-tree.sources.filesystem.lib.fs_watch')
055.892  000.080  000.080: require('plenary.tbl')
055.895  000.231  000.151: require('plenary.vararg.rotate')
055.896  000.399  000.168: require('plenary.vararg')
055.977  000.081  000.081: require('plenary.errors')
055.982  000.616  000.136: require('plenary.async.async')
056.327  000.059  000.059: require('plenary.async.structs')
056.330  000.153  000.093: require('plenary.async.control')
056.333  000.234  000.081: require('plenary.async.util')
056.334  000.351  000.117: require('plenary.async.tests')
056.334  001.088  000.121: require('plenary.async')
056.338  003.203  000.200: require('neo-tree.sources.filesystem.lib.fs_scan')
056.530  000.122  000.122: require('nui.input')
056.531  000.192  000.070: require('neo-tree.ui.inputs')
056.537  003.586  000.190: require('neo-tree.sources.manager')
056.740  000.064  000.064: require('neo-tree.command.parser')
056.809  000.068  000.068: require('neo-tree.command.completion')
056.811  000.205  000.073: require('neo-tree.command')
056.812  000.274  000.069: require('neo-tree.setup.netrw')
056.878  000.065  000.065: require('neo-tree.sources.common.hijack_cursor')
056.880  005.882  000.555: require('neo-tree.setup')
057.095  000.068  000.068: require('neo-tree.setup.deprecations')
059.050  000.203  000.203: require('neo-tree.sources.filesystem')
059.206  000.074  000.074: require('neo-tree.sources.buffers.lib.items')
059.208  000.156  000.082: require('neo-tree.sources.buffers')
059.349  000.073  000.073: require('neo-tree.sources.git_status.lib.items')
059.351  000.141  000.068: require('neo-tree.sources.git_status')
059.901  000.209  000.209: require('neo-tree.sources.common.container')
059.904  000.292  000.083: require('neo-tree.sources.common.components')
059.917  000.483  000.191: require('neo-tree.sources.filesystem.components')
061.684  000.800  000.800: require('plenary.scandir')
061.754  000.069  000.069: require('plenary')
061.758  001.065  000.196: require('neo-tree.sources.filesystem.lib.fs_actions')
061.831  000.072  000.072: require('neo-tree.sources.common.help')
061.916  000.085  000.085: require('neo-tree.sources.common.preview')
061.989  000.071  000.071: require('neo-tree.sources.common.node_expander')
061.994  001.586  000.292: require('neo-tree.sources.common.commands')
062.073  000.077  000.077: require('neo-tree.sources.filesystem.lib.filter')
062.090  002.172  000.509: require('neo-tree.sources.filesystem.commands')
062.212  000.067  000.067: require('neo-tree.sources.buffers.components')
062.327  000.094  000.094: require('neo-tree.sources.buffers.commands')
062.414  000.066  000.066: require('neo-tree.sources.git_status.components')
062.486  000.071  000.071: require('neo-tree.sources.git_status.commands')
063.839  014.425  003.621: require('config/nvim-neo-tree')
065.411  000.496  000.496: require('vim.filetype')
066.264  000.071  000.071: require('luasnip.util.types')
066.266  000.475  000.405: require('luasnip.util.ext_opts')
066.475  000.063  000.063: require('luasnip.util.lazy_table')
066.540  000.063  000.063: require('luasnip.extras.filetype_functions')
066.543  000.204  000.078: require('luasnip.default_config')
066.544  000.278  000.073: require('luasnip.session')
066.545  001.067  000.314: require('luasnip.config')
066.940  000.185  000.185: require('luasnip.util.util')
067.120  000.064  000.064: require('luasnip.nodes.key_indexer')
067.122  000.180  000.116: require('luasnip.nodes.util')
067.250  000.061  000.061: require('luasnip.session.snippet_collection.source')
067.349  000.099  000.099: require('luasnip.util.table')
067.410  000.060  000.060: require('luasnip.util.auto_table')
067.412  000.290  000.071: require('luasnip.session.snippet_collection')
067.776  000.063  000.063: require('luasnip.util.select')
067.846  000.069  000.069: require('luasnip.util.time')
067.958  000.482  000.350: require('luasnip.util._builtin_vars')
067.985  000.571  000.089: require('luasnip.util.environ')
068.084  000.099  000.099: require('luasnip.util.extend_decorator')
068.239  000.090  000.090: require('luasnip.util.path')
068.404  000.091  000.091: require('luasnip.util.log')
068.406  000.166  000.075: require('luasnip.loaders.util')
068.473  000.066  000.066: require('luasnip.loaders.data')
068.557  000.083  000.083: require('luasnip.loaders.fs_watchers')
068.558  000.473  000.068: require('luasnip.loaders')
068.566  002.018  000.218: require('luasnip')
068.575  003.841  000.259: sourcing /Users/thet3o/.local/share/nvim/lazy/LuaSnip/plugin/luasnip.lua
068.750  000.137  000.137: sourcing /Users/thet3o/.local/share/nvim/lazy/LuaSnip/plugin/luasnip.vim
069.116  000.126  000.126: require('cmp.utils.api')
069.721  000.064  000.064: require('cmp.types.cmp')
069.949  000.116  000.116: require('cmp.utils.misc')
069.965  000.244  000.128: require('cmp.types.lsp')
070.084  000.118  000.118: require('cmp.types.vim')
070.085  000.968  000.543: require('cmp.types')
070.607  000.522  000.522: require('cmp.utils.highlight')
070.748  000.072  000.072: require('cmp.utils.debug')
070.750  000.143  000.071: require('cmp.utils.autocmd')
070.863  002.029  000.271: sourcing /Users/thet3o/.local/share/nvim/lazy/nvim-cmp/plugin/cmp.lua
071.837  000.141  000.141: require('cmp.utils.char')
071.839  000.315  000.174: require('cmp.utils.str')
072.634  000.119  000.119: require('cmp.utils.buffer')
072.637  000.259  000.140: require('cmp.utils.keymap')
072.638  000.798  000.539: require('cmp.utils.feedkeys')
073.538  000.097  000.097: require('cmp.config.mapping')
073.624  000.085  000.085: require('cmp.utils.cache')
073.803  000.099  000.099: require('cmp.config.compare')
073.804  000.179  000.079: require('cmp.config.default')
073.820  000.970  000.610: require('cmp.config')
073.828  001.189  000.219: require('cmp.utils.async')
073.982  000.072  000.072: require('cmp.utils.pattern')
073.984  000.155  000.083: require('cmp.context')
074.578  000.236  000.236: require('cmp.utils.snippet')
074.659  000.080  000.080: require('cmp.matcher')
074.663  000.496  000.179: require('cmp.entry')
074.666  000.682  000.187: require('cmp.source')
074.823  000.080  000.080: require('cmp.utils.event')
075.043  000.069  000.069: require('cmp.utils.options')
075.045  000.145  000.075: require('cmp.utils.window')
075.046  000.222  000.077: require('cmp.view.docs_view')
075.229  000.182  000.182: require('cmp.view.custom_entries_view')
075.323  000.093  000.093: require('cmp.view.wildmenu_entries_view')
075.405  000.082  000.082: require('cmp.view.native_entries_view')
075.500  000.095  000.095: require('cmp.view.ghost_text_view')
075.508  000.840  000.087: require('cmp.view')
075.755  004.486  000.505: require('cmp.core')
075.894  000.069  000.069: require('cmp.config.sources')
075.971  000.076  000.076: require('cmp.config.window')
076.016  004.989  000.358: require('cmp')
077.118  000.198  000.198: require('cmp_nvim_lsp.source')
077.120  000.409  000.211: require('cmp_nvim_lsp')
079.338  000.232  000.232: require('lspconfig.configs.clangd')
079.495  008.622  002.992: require('config/nvim-cmp')
079.810  000.206  000.206: sourcing /opt/homebrew/Cellar/neovim/0.10.2_1/share/nvim/runtime/plugin/editorconfig.lua
080.066  000.211  000.211: sourcing /opt/homebrew/Cellar/neovim/0.10.2_1/share/nvim/runtime/plugin/gzip.vim
080.211  000.109  000.109: sourcing /opt/homebrew/Cellar/neovim/0.10.2_1/share/nvim/runtime/plugin/man.lua
080.909  000.236  000.236: sourcing /opt/homebrew/Cellar/neovim/0.10.2_1/share/nvim/runtime/pack/dist/opt/matchit/plugin/matchit.vim
080.917  000.672  000.436: sourcing /opt/homebrew/Cellar/neovim/0.10.2_1/share/nvim/runtime/plugin/matchit.vim
081.147  000.199  000.199: sourcing /opt/homebrew/Cellar/neovim/0.10.2_1/share/nvim/runtime/plugin/matchparen.vim
081.368  000.190  000.190: sourcing /opt/homebrew/Cellar/neovim/0.10.2_1/share/nvim/runtime/plugin/netrwPlugin.vim
081.565  000.160  000.160: sourcing /opt/homebrew/Cellar/neovim/0.10.2_1/share/nvim/runtime/plugin/osc52.lua
081.753  000.155  000.155: sourcing /opt/homebrew/Cellar/neovim/0.10.2_1/share/nvim/runtime/plugin/rplugin.vim
081.987  000.199  000.199: sourcing /opt/homebrew/Cellar/neovim/0.10.2_1/share/nvim/runtime/plugin/shada.vim
082.183  000.159  000.159: sourcing /opt/homebrew/Cellar/neovim/0.10.2_1/share/nvim/runtime/plugin/spellfile.vim
082.276  000.058  000.058: sourcing /opt/homebrew/Cellar/neovim/0.10.2_1/share/nvim/runtime/plugin/tarPlugin.vim
082.469  000.159  000.159: sourcing /opt/homebrew/Cellar/neovim/0.10.2_1/share/nvim/runtime/plugin/tohtml.lua
082.528  000.020  000.020: sourcing /opt/homebrew/Cellar/neovim/0.10.2_1/share/nvim/runtime/plugin/tutor.vim
082.634  000.065  000.065: sourcing /opt/homebrew/Cellar/neovim/0.10.2_1/share/nvim/runtime/plugin/zipPlugin.vim
082.897  000.096  000.096: require('cmp_luasnip')
082.919  000.171  000.075: sourcing /Users/thet3o/.local/share/nvim/lazy/cmp_luasnip/after/plugin/cmp_luasnip.lua
083.178  000.114  000.114: require('cmp_cmdline')
083.186  000.177  000.063: sourcing /Users/thet3o/.local/share/nvim/lazy/cmp-cmdline/after/plugin/cmp_cmdline.lua
083.388  000.092  000.092: require('cmp_path')
083.395  000.149  000.057: sourcing /Users/thet3o/.local/share/nvim/lazy/cmp-path/after/plugin/cmp_path.lua
083.819  000.092  000.092: require('cmp_buffer.timer')
083.821  000.185  000.093: require('cmp_buffer.buffer')
083.823  000.260  000.075: require('cmp_buffer.source')
083.823  000.326  000.066: require('cmp_buffer')
083.830  000.380  000.053: sourcing /Users/thet3o/.local/share/nvim/lazy/cmp-buffer/after/plugin/cmp_buffer.lua
083.938  000.050  000.050: sourcing /Users/thet3o/.local/share/nvim/lazy/cmp-nvim-lsp/after/plugin/cmp_nvim_lsp.lua
083.959  078.178  007.434: require('config.lazy')
083.960  078.563  000.145: sourcing /Users/thet3o/.config/nvim/init.lua
083.963  000.502: sourcing vimrc file(s)
084.210  000.027  000.027: sourcing /opt/homebrew/Cellar/neovim/0.10.2_1/share/nvim/runtime/filetype.lua
084.616  000.093  000.093: sourcing /opt/homebrew/Cellar/neovim/0.10.2_1/share/nvim/runtime/syntax/synload.vim
084.680  000.399  000.305: sourcing /opt/homebrew/Cellar/neovim/0.10.2_1/share/nvim/runtime/syntax/syntax.vim
084.684  000.295: inits 3
086.115  001.431: reading ShaDa
086.632  000.179  000.179: require('luasnip.util.directed_graph')
086.737  000.104  000.104: require('luasnip.session.enqueueable_operations')
086.740  000.544  000.261: require('luasnip.loaders.from_lua')
088.820  000.201  000.201: require('luasnip.util.events')
088.841  000.626  000.425: require('luasnip.nodes.node')
089.150  000.308  000.308: require('luasnip.nodes.insertNode')
089.285  000.135  000.135: require('luasnip.nodes.textNode')
089.407  000.121  000.121: require('luasnip.util.mark')
089.531  000.106  000.106: require('luasnip.util.pattern_tokenizer')
089.629  000.097  000.097: require('luasnip.util.dict')
090.188  000.467  000.467: require('luasnip.util.jsregexp')
090.190  000.560  000.093: require('luasnip.nodes.util.trig_engines')
090.212  002.306  000.352: require('luasnip.nodes.snippet')
090.213  002.440  000.134: require('luasnip.nodes.duplicate')
090.214  002.661  000.221: require('luasnip.loaders.snippet_cache')
090.217  003.476  000.816: require('luasnip.loaders.from_snipmate')
090.703  000.062  000.062: require('luasnip.util.parser.neovim_ast')
090.806  000.102  000.102: require('luasnip.util.str')
091.081  000.273  000.273: require('luasnip.util.jsregexp')
091.083  000.507  000.069: require('luasnip.util.parser.ast_utils')
091.159  000.075  000.075: require('luasnip.nodes.functionNode')
091.323  000.164  000.164: require('luasnip.nodes.choiceNode')
091.477  000.153  000.153: require('luasnip.nodes.dynamicNode')
091.536  000.058  000.058: require('luasnip.util.functions')
091.539  001.031  000.074: require('luasnip.util.parser.ast_parser')
091.787  000.247  000.247: require('luasnip.util.parser.neovim_parser')
091.789  001.356  000.078: require('luasnip.util.parser')
091.853  000.064  000.064: require('luasnip.nodes.snippetProxy')
091.949  000.094  000.094: require('luasnip.util.jsonc')
091.953  001.734  000.220: require('luasnip.loaders.from_vscode')
091.984  000.115: opening buffers
092.045  000.061: BufEnter autocommands
092.046  000.001: editing files in windows
092.113  000.067: VimEnter autocommands
092.178  000.065: UIEnter autocommands
092.178  000.001: before starting main loop
092.283  000.105: first screen update
092.284  000.001: --- NVIM STARTED ---

--- Startup times for process: Primary/TUI ---

times in msec
 clock   self+sourced   self:  sourced script
 clock   elapsed:              other lines

000.000  000.000: --- NVIM STARTING ---
000.096  000.096: event init
000.226  000.130: early init
001.014  000.788: locale set
001.053  000.039: init first window
001.433  000.380: inits 1
001.440  000.008: window checked
001.569  000.129: parsing arguments
002.010  000.033  000.033: require('vim.shared')
002.083  000.036  000.036: require('vim.inspect')
002.125  000.032  000.032: require('vim._options')
002.127  000.114  000.045: require('vim._editor')
002.128  000.199  000.053: require('vim._init_packages')
002.130  000.361: init lua interpreter
002.560  000.430: --- NVIM STARTED ---

--- Startup times for process: Embedded ---

times in msec
 clock   self+sourced   self:  sourced script
 clock   elapsed:              other lines

000.000  000.000: --- NVIM STARTING ---
000.058  000.058: event init
000.150  000.092: early init
000.413  000.262: locale set
000.437  000.025: init first window
000.669  000.232: inits 1
000.681  000.011: window checked
000.764  000.083: parsing arguments
001.110  000.026  000.026: require('vim.shared')
001.170  000.029  000.029: require('vim.inspect')
001.205  000.027  000.027: require('vim._options')
001.207  000.094  000.038: require('vim._editor')
001.208  000.167  000.046: require('vim._init_packages')
001.209  000.278: init lua interpreter
002.696  001.487: expanding arguments
002.706  000.010: inits 2
002.921  000.216: init highlight
002.922  000.001: waiting for UI
003.013  000.091: done waiting for UI
003.015  000.002: clear screen
003.063  000.005  000.005: require('vim.keymap')
003.573  000.555  000.550: require('vim._defaults')
003.575  000.004: init default mappings & autocommands
004.004  000.045  000.045: sourcing /opt/homebrew/Cellar/neovim/0.10.2_1/share/nvim/runtime/ftplugin.vim
004.077  000.019  000.019: sourcing /opt/homebrew/Cellar/neovim/0.10.2_1/share/nvim/runtime/indent.vim
004.345  000.137  000.137: require('settings')
005.013  000.454  000.454: require('lazy')
005.036  000.016  000.016: require('ffi')
005.095  000.035  000.035: require('vim.fs')
005.304  000.188  000.188: require('vim.uri')
005.318  000.279  000.056: require('vim.loader')
005.561  000.225  000.225: require('lazy.stats')
005.697  000.107  000.107: require('lazy.core.util')
005.914  000.215  000.215: require('lazy.core.config')
006.208  000.170  000.170: require('lazy.core.handler')
006.585  000.150  000.150: require('lazy.pkg')
006.590  000.239  000.089: require('lazy.core.meta')
006.595  000.386  000.147: require('lazy.core.plugin')
006.601  000.686  000.130: require('lazy.core.loader')
006.931  000.101  000.101: require('lazy.core.fragments')
008.891  000.173  000.173: require('lazy.core.handler.cmd')
008.994  000.101  000.101: require('lazy.core.handler.event')
009.077  000.081  000.081: require('lazy.core.handler.ft')
009.152  000.073  000.073: require('lazy.core.handler.keys')
009.936  000.170  000.170: sourcing /opt/homebrew/Cellar/neovim/0.10.2_1/share/nvim/runtime/filetype.lua
010.294  000.020  000.020: sourcing /Users/thet3o/.local/share/nvim/lazy/plenary.nvim/plugin/plenary.vim
010.493  000.019  000.019: sourcing /Users/thet3o/.local/share/nvim/lazy/nvim-web-devicons/plugin/nvim-web-devicons.vim
010.711  000.016  000.016: sourcing /Users/thet3o/.local/share/nvim/lazy/neo-tree.nvim/plugin/neo-tree.vim
011.976  000.092  000.092: require('neo-tree.log')
012.069  000.092  000.092: require('neo-tree.utils.filesize.filesize')
012.082  000.312  000.129: require('neo-tree.utils')
012.084  001.255  000.942: require('neo-tree')
012.496  000.282  000.282: require('neo-tree.defaults')
012.604  000.107  000.107: require('neo-tree.setup.mapping-helper')
012.909  000.089  000.089: require('neo-tree.collections')
012.912  000.177  000.088: require('neo-tree.events.queue')
012.915  000.310  000.133: require('neo-tree.events')
013.435  000.139  000.139: require('plenary.bit')
013.516  000.080  000.080: require('plenary.functional')
013.535  000.487  000.269: require('plenary.path')
013.671  000.135  000.135: require('neo-tree.sources.filesystem.lib.globtopattern')
013.675  000.759  000.137: require('neo-tree.sources.common.file-nesting')
013.763  000.087  000.087: require('neo-tree.ui.highlights')
014.202  000.073  000.073: require('nui.object')
014.603  000.177  000.177: require('vim.version')
015.346  001.074  000.897: require('nui.utils')
015.367  001.163  000.090: require('nui.text')
015.370  001.312  000.075: require('nui.line')
015.583  000.100  000.100: require('nui.tree.util')
015.589  000.218  000.118: require('nui.tree')
015.779  000.094  000.094: require('nui.utils.buf_storage')
015.879  000.098  000.098: require('nui.utils.autocmd')
015.997  000.118  000.118: require('nui.utils.keymap')
016.161  000.085  000.085: require('nui.layout.utils')
016.163  000.165  000.080: require('nui.split.utils')
016.171  000.581  000.106: require('nui.split')
016.444  000.150  000.150: require('nui.popup.border')
016.455  000.283  000.132: require('nui.popup')
016.536  000.080  000.080: require('neo-tree.ui.popups')
016.610  000.073  000.073: require('neo-tree.ui.windows')
016.621  002.677  000.130: require('neo-tree.ui.renderer')
017.015  000.189  000.189: require('plenary.compat')
017.035  000.328  000.139: require('plenary.job')
017.050  000.428  000.100: require('neo-tree.sources.filesystem.lib.filter_external')
017.179  000.128  000.128: require('neo-tree.sources.common.file-items')
017.476  000.071  000.071: require('neo-tree.git.utils')
017.478  000.161  000.090: require('neo-tree.git.status')
017.563  000.084  000.084: require('neo-tree.git.ignored')
017.565  000.311  000.066: require('neo-tree.git')
017.567  000.387  000.076: require('neo-tree.sources.filesystem.lib.fs_watch')
017.972  000.101  000.101: require('plenary.tbl')
017.974  000.164  000.063: require('plenary.vararg.rotate')
017.975  000.237  000.072: require('plenary.vararg')
018.036  000.061  000.061: require('plenary.errors')
018.038  000.403  000.106: require('plenary.async.async')
018.291  000.062  000.062: require('plenary.async.structs')
018.295  000.131  000.069: require('plenary.async.control')
018.298  000.198  000.067: require('plenary.async.util')
018.299  000.260  000.062: require('plenary.async.tests')
018.300  000.733  000.069: require('plenary.async')
018.305  004.452  000.099: require('neo-tree.sources.filesystem.lib.fs_scan')
018.487  000.118  000.118: require('nui.input')
018.489  000.183  000.065: require('neo-tree.ui.inputs')
018.495  004.732  000.096: require('neo-tree.sources.manager')
018.691  000.066  000.066: require('neo-tree.command.parser')
018.754  000.062  000.062: require('neo-tree.command.completion')
018.756  000.197  000.069: require('neo-tree.command')
018.757  000.261  000.064: require('neo-tree.setup.netrw')
018.820  000.062  000.062: require('neo-tree.sources.common.hijack_cursor')
018.823  006.738  000.138: require('neo-tree.setup')
019.349  000.068  000.068: require('neo-tree.setup.deprecations')
021.784  000.082  000.082: require('neo-tree.sources.filesystem')
021.920  000.063  000.063: require('neo-tree.sources.buffers.lib.items')
021.922  000.136  000.073: require('neo-tree.sources.buffers')
022.045  000.058  000.058: require('neo-tree.sources.git_status.lib.items')
022.047  000.123  000.064: require('neo-tree.sources.git_status')
022.315  000.064  000.064: require('neo-tree.sources.common.container')
022.318  000.146  000.082: require('neo-tree.sources.common.components')
022.322  000.212  000.066: require('neo-tree.sources.buffers.components')
023.397  000.846  000.846: require('plenary.scandir')
023.505  000.106  000.106: require('plenary')
023.512  001.040  000.088: require('neo-tree.sources.filesystem.lib.fs_actions')
023.622  000.108  000.108: require('neo-tree.sources.common.help')
023.743  000.120  000.120: require('neo-tree.sources.common.preview')
023.835  000.091  000.091: require('neo-tree.sources.common.node_expander')
023.847  001.464  000.104: require('neo-tree.sources.common.commands')
023.890  001.566  000.103: require('neo-tree.sources.buffers.commands')
024.121  000.089  000.089: require('neo-tree.sources.git_status.components')
024.213  000.090  000.090: require('neo-tree.sources.git_status.commands')
024.339  000.071  000.071: require('neo-tree.sources.filesystem.components')
024.507  000.090  000.090: require('neo-tree.sources.filesystem.lib.filter')
024.525  000.185  000.096: require('neo-tree.sources.filesystem.commands')
025.949  015.195  004.580: require('config/nvim-neo-tree')
026.622  000.045  000.045: sourcing /Users/thet3o/.local/share/nvim/lazy/nvim-java-test/plugin/java-test.lua
027.588  000.408  000.408: require('vim.lsp.log')
027.927  000.338  000.338: require('vim.lsp.protocol')
028.173  000.126  000.126: require('vim.lsp._snippet_grammar')
028.235  000.061  000.061: require('vim.highlight')
028.275  000.003  000.003: require('vim.F')
028.285  000.356  000.167: require('vim.lsp.util')
028.414  000.064  000.064: require('vim.lsp.sync')
028.416  000.130  000.066: require('vim.lsp._changetracking')
028.509  000.091  000.091: require('vim.lsp.rpc')
028.538  001.505  000.181: require('vim.lsp')
028.551  001.568  000.063: sourcing /Users/thet3o/.local/share/nvim/lazy/nvim-lspconfig/plugin/lspconfig.lua
028.841  000.068  000.068: sourcing /Users/thet3o/.local/share/nvim/lazy/nvim-dap/plugin/dap.lua
029.610  000.060  000.060: require('mason-core.path')
029.777  000.102  000.102: require('mason-core.functional')
029.903  000.054  000.054: require('mason-core.functional.data')
029.906  000.120  000.066: require('mason-core.functional.function')
029.969  000.057  000.057: require('mason-core.functional.relation')
030.089  000.117  000.117: require('mason-core.functional.logic')
030.126  000.515  000.119: require('mason-core.platform')
030.188  000.061  000.061: require('mason.settings')
030.189  000.936  000.300: require('mason')
030.363  000.063  000.063: require('mason-core.functional.list')
030.422  000.058  000.058: require('mason-core.functional.string')
030.433  000.202  000.081: require('mason.api.command')
030.497  000.062  000.062: require('mason-registry.sources')
031.466  000.054  000.054: require('java-core.utils.notify')
031.556  000.089  000.089: require('java.utils.log')
031.557  000.197  000.054: require('java.handlers.error')
031.558  000.251  000.054: require('java.utils.jdtls2')
031.615  000.057  000.057: require('java-core.utils.async')
031.735  000.060  000.060: require('java-core.utils.log')
031.796  000.060  000.060: require('java-core.utils.class')
031.799  000.183  000.063: require('java-core.ls.clients.jdtls-client')
031.800  000.549  000.058: require('java.startup.decompile-watcher')
031.910  000.055  000.055: require('mason.ui')
032.148  000.069  000.069: require('mason-core.log')
032.149  000.124  000.055: require('mason-core.EventEmitter')
032.206  000.056  000.056: require('mason-core.optional')
032.358  000.095  000.095: require('mason-core.async')
032.414  000.054  000.054: require('mason-core.async.uv')
032.416  000.209  000.060: require('mason-core.fs')
032.424  000.458  000.068: require('mason-registry')
032.426  000.515  000.057: require('java.utils.mason')
032.483  000.056  000.056: require('java.ui.lazy')
032.538  000.055  000.055: require('java-core.utils.list')
032.540  000.739  000.058: require('java.startup.mason-dep')
032.865  000.147  000.147: require('lspconfig.util')
032.952  000.086  000.086: require('lspconfig.async')
032.953  000.296  000.063: require('lspconfig.configs')
032.956  000.356  000.060: require('lspconfig')
033.015  000.059  000.059: require('java-core.utils.mason')
033.130  000.055  000.055: require('java-core.ls.servers.jdtls.config')
033.186  000.055  000.055: require('java-core.utils.path')
033.302  000.058  000.058: require('java-core.utils.file')
033.303  000.116  000.059: require('java-core.ls.servers.jdtls.plugins')
033.357  000.053  000.053: require('java-core.ls.servers.jdtls.utils')
033.358  000.342  000.063: require('java-core.ls.servers.jdtls')
033.360  000.820  000.062: require('java.startup.lspconfig-setup-wrap')
033.449  000.087  000.087: require('java.startup.startup-check')
033.503  000.054  000.054: require('java.utils.command')
033.668  000.050  000.050: require('java.utils.buffer')
033.727  000.058  000.058: require('java.utils.window')
033.854  000.063  000.063: require('java-dap.data.adapters')
033.930  000.075  000.075: require('java-core.ls.clients.java-debug-client')
033.933  000.205  000.066: require('java-dap.api.setup')
034.000  000.066  000.066: require('java-dap.api.runner')
034.221  000.062  000.062: require('java-core.utils.set')
034.294  000.072  000.072: require('java-core.ls.clients.java-test-client')
034.295  000.233  000.099: require('java-core.adapters')
034.297  000.296  000.063: require('java-core.api.test')
034.449  000.152  000.152: require('java.api.profile_config')
034.454  000.894  000.066: require('java.dap')
034.540  000.084  000.084: require('java.utils.jdtls')
034.605  000.064  000.064: require('java-test.reports.junit')
034.794  000.062  000.062: require('java-test.results.message-id')
034.853  000.058  000.058: require('java-test.results.result-status')
034.913  000.059  000.059: require('java-test.results.execution-status')
034.917  000.252  000.073: require('java-test.results.result-parser')
034.918  000.313  000.060: require('java-test.results.result-parser-factory')
035.052  000.064  000.064: require('java-test.utils.string-builder')
035.108  000.056  000.056: require('java-test.ui.report-viewer')
035.111  000.193  000.073: require('java-test.ui.floating-report-viewer')
035.114  001.610  000.062: require('java.api.test')
035.174  000.060  000.060: require('java.api.dap')
035.454  000.061  000.061: require('async.waits.wait')
035.455  000.158  000.097: require('java.utils.ui')
035.517  000.062  000.062: require('java.runner.run')
035.580  000.062  000.062: require('java.runner.run-logger')
035.583  000.350  000.069: require('java.runner.runner')
035.586  000.411  000.061: require('java.api.runner')
035.708  000.060  000.060: require('java.utils.config')
035.709  000.122  000.062: require('java.api.settings')
035.957  000.083  000.083: require('nui.layout.float')
036.031  000.073  000.073: require('nui.layout.split')
036.040  000.257  000.100: require('nui.layout')
036.157  000.117  000.117: require('nui.menu')
036.162  000.452  000.079: require('java.ui.profile')
036.221  000.059  000.059: require('java.config')
036.224  005.585  000.623: require('java')
036.234  005.626  000.041: sourcing /Users/thet3o/.local/share/nvim/lazy/nvim-java/plugin/java.lua
036.457  000.061  000.061: require('java.startup.mason-registry-check')
036.519  000.061  000.061: require('java.startup.exec-order-check')
036.581  000.061  000.061: require('java.startup.duplicate-setup-check')
036.643  000.061  000.061: require('java.startup.nvim-dep')
036.913  000.163  000.163: require('mason-core.result')
037.302  000.190  000.190: require('mason-core.process')
037.559  000.256  000.256: require('mason-core.spawn')
037.563  000.557  000.110: require('mason-core.managers.powershell')
037.677  000.113  000.113: require('mason.version')
037.678  000.764  000.095: require('mason-core.fetch')
037.759  000.079  000.079: require('mason-core.providers')
038.057  000.058  000.058: require('mason-core.functional.table')
038.104  000.172  000.114: require('mason-core.purl')
038.110  000.281  000.109: require('mason-core.package')
038.302  000.062  000.062: require('mason-core.installer.registry.expr')
038.306  000.130  000.068: require('mason-core.installer.registry.link')
038.607  000.056  000.056: require('mason-core.receipt')
038.617  000.128  000.072: require('mason-core.installer.context')
038.676  000.057  000.057: require('mason-core.async.control')
038.734  000.057  000.057: require('mason-core.installer.linker')
038.736  000.308  000.066: require('mason-core.installer')
038.742  000.379  000.070: require('mason-core.installer.managers.std')
038.743  000.437  000.058: require('mason-core.installer.registry.schemas')
038.798  000.054  000.054: require('mason-core.installer.registry.util')
038.802  000.691  000.070: require('mason-core.installer.registry')
038.803  001.044  000.071: require('mason-registry.sources.util')
038.807  002.163  000.113: require('mason-registry.sources.github')
039.087  000.056  000.056: require('dap.utils')
039.157  000.213  000.157: require('dap')
039.266  000.055  000.055: require('java-core.utils.event')
039.270  000.112  000.058: require('java-refactor')
039.438  000.052  000.052: require('mason-core.functional.type')
046.737  000.089  000.089: require('vim.lsp.handlers')
046.784  000.225  000.137: require('lspconfig.configs.jdtls')
048.498  000.066  000.066: require('spring_boot')
048.628  000.054  000.054: require('spring_boot.config')
048.679  000.051  000.051: require('spring_boot.vscode')
048.730  000.050  000.050: require('spring_boot.classpath')
048.899  000.070  000.070: require('spring_boot.util')
048.913  000.134  000.064: require('spring_boot.jdtls')
048.914  000.183  000.050: require('spring_boot.java_data')
048.917  000.401  000.063: require('spring_boot.launch')
049.605  000.065  000.065: require('lspconfig.manager')
049.606  013.362  009.820: require('config/nvim-java')
050.953  000.505  000.505: require('vim.filetype')
051.413  000.050  000.050: require('luasnip.util.types')
051.414  000.106  000.056: require('luasnip.util.ext_opts')
051.578  000.048  000.048: require('luasnip.util.lazy_table')
051.631  000.051  000.051: require('luasnip.extras.filetype_functions')
051.634  000.163  000.064: require('luasnip.default_config')
051.635  000.220  000.057: require('luasnip.session')
051.636  000.592  000.266: require('luasnip.config')
051.778  000.059  000.059: require('luasnip.util.util')
051.883  000.048  000.048: require('luasnip.nodes.key_indexer')
051.886  000.106  000.059: require('luasnip.nodes.util')
051.993  000.050  000.050: require('luasnip.session.snippet_collection.source')
052.043  000.048  000.048: require('luasnip.util.table')
052.091  000.048  000.048: require('luasnip.util.auto_table')
052.094  000.208  000.061: require('luasnip.session.snippet_collection')
052.258  000.053  000.053: require('luasnip.util.select')
052.306  000.048  000.048: require('luasnip.util.time')
052.462  000.315  000.213: require('luasnip.util._builtin_vars')
052.494  000.399  000.084: require('luasnip.util.environ')
052.547  000.053  000.053: require('luasnip.util.extend_decorator')
052.672  000.069  000.069: require('luasnip.util.path')
052.813  000.082  000.082: require('luasnip.util.log')
052.816  000.143  000.062: require('luasnip.loaders.util')
052.866  000.049  000.049: require('luasnip.loaders.data')
052.935  000.068  000.068: require('luasnip.loaders.fs_watchers')
052.961  000.413  000.084: require('luasnip.loaders')
052.971  001.333  000.095: require('luasnip')
052.978  002.567  000.137: sourcing /Users/thet3o/.local/share/nvim/lazy/LuaSnip/plugin/luasnip.lua
053.067  000.026  000.026: sourcing /Users/thet3o/.local/share/nvim/lazy/LuaSnip/plugin/luasnip.vim
053.284  000.055  000.055: require('cmp.utils.api')
053.422  000.081  000.081: require('cmp.types.cmp')
053.559  000.054  000.054: require('cmp.utils.misc')
053.588  000.165  000.111: require('cmp.types.lsp')
053.637  000.048  000.048: require('cmp.types.vim')
053.638  000.353  000.060: require('cmp.types')
053.690  000.052  000.052: require('cmp.utils.highlight')
053.787  000.047  000.047: require('cmp.utils.debug')
053.789  000.098  000.051: require('cmp.utils.autocmd')
053.907  000.710  000.152: sourcing /Users/thet3o/.local/share/nvim/lazy/nvim-cmp/plugin/cmp.lua
054.362  000.057  000.057: require('cmp.utils.char')
054.368  000.113  000.056: require('cmp.utils.str')
054.522  000.050  000.050: require('cmp.utils.buffer')
054.524  000.107  000.057: require('cmp.utils.keymap')
054.525  000.157  000.050: require('cmp.utils.feedkeys')
054.686  000.054  000.054: require('cmp.config.mapping')
054.734  000.048  000.048: require('cmp.utils.cache')
054.840  000.052  000.052: require('cmp.config.compare')
054.842  000.106  000.054: require('cmp.config.default')
054.849  000.268  000.061: require('cmp.config')
054.853  000.327  000.059: require('cmp.utils.async')
054.950  000.047  000.047: require('cmp.utils.pattern')
054.952  000.098  000.051: require('cmp.context')
055.138  000.071  000.071: require('cmp.utils.snippet')
055.188  000.050  000.050: require('cmp.matcher')
055.191  000.184  000.063: require('cmp.entry')
055.194  000.242  000.058: require('cmp.source')
055.295  000.048  000.048: require('cmp.utils.event')
055.447  000.047  000.047: require('cmp.utils.options')
055.449  000.102  000.055: require('cmp.utils.window')
055.450  000.154  000.051: require('cmp.view.docs_view')
055.521  000.070  000.070: require('cmp.view.custom_entries_view')
055.595  000.073  000.073: require('cmp.view.wildmenu_entries_view')
055.663  000.067  000.067: require('cmp.view.native_entries_view')
055.733  000.069  000.069: require('cmp.view.ghost_text_view')
055.738  000.543  000.062: require('cmp.view')
056.019  001.830  000.351: require('cmp.core')
056.116  000.054  000.054: require('cmp.config.sources')
056.201  000.084  000.084: require('cmp.config.window')
056.246  002.276  000.308: require('cmp')
056.934  000.069  000.069: require('cmp_nvim_lsp.source')
056.936  000.149  000.080: require('cmp_nvim_lsp')
058.816  000.070  000.070: require('lspconfig.configs.clangd')
058.959  005.041  002.546: require('config/nvim-cmp')
059.084  000.036  000.036: sourcing /opt/homebrew/Cellar/neovim/0.10.2_1/share/nvim/runtime/plugin/editorconfig.lua
059.196  000.079  000.079: sourcing /opt/homebrew/Cellar/neovim/0.10.2_1/share/nvim/runtime/plugin/gzip.vim
059.268  000.039  000.039: sourcing /opt/homebrew/Cellar/neovim/0.10.2_1/share/nvim/runtime/plugin/man.lua
059.736  000.088  000.088: sourcing /opt/homebrew/Cellar/neovim/0.10.2_1/share/nvim/runtime/pack/dist/opt/matchit/plugin/matchit.vim
059.744  000.444  000.356: sourcing /opt/homebrew/Cellar/neovim/0.10.2_1/share/nvim/runtime/plugin/matchit.vim
059.845  000.069  000.069: sourcing /opt/homebrew/Cellar/neovim/0.10.2_1/share/nvim/runtime/plugin/matchparen.vim
060.000  000.121  000.121: sourcing /opt/homebrew/Cellar/neovim/0.10.2_1/share/nvim/runtime/plugin/netrwPlugin.vim
060.073  000.037  000.037: sourcing /opt/homebrew/Cellar/neovim/0.10.2_1/share/nvim/runtime/plugin/osc52.lua
060.177  000.060  000.060: sourcing /opt/homebrew/Cellar/neovim/0.10.2_1/share/nvim/runtime/plugin/rplugin.vim
060.237  000.024  000.024: sourcing /opt/homebrew/Cellar/neovim/0.10.2_1/share/nvim/runtime/plugin/shada.vim
060.280  000.007  000.007: sourcing /opt/homebrew/Cellar/neovim/0.10.2_1/share/nvim/runtime/plugin/spellfile.vim
060.363  000.047  000.047: sourcing /opt/homebrew/Cellar/neovim/0.10.2_1/share/nvim/runtime/plugin/tarPlugin.vim
060.441  000.041  000.041: sourcing /opt/homebrew/Cellar/neovim/0.10.2_1/share/nvim/runtime/plugin/tohtml.lua
060.484  000.007  000.007: sourcing /opt/homebrew/Cellar/neovim/0.10.2_1/share/nvim/runtime/plugin/tutor.vim
060.567  000.048  000.048: sourcing /opt/homebrew/Cellar/neovim/0.10.2_1/share/nvim/runtime/plugin/zipPlugin.vim
060.836  000.075  000.075: require('cmp_luasnip')
060.886  000.194  000.119: sourcing /Users/thet3o/.local/share/nvim/lazy/cmp_luasnip/after/plugin/cmp_luasnip.lua
061.096  000.093  000.093: require('cmp_cmdline')
061.103  000.159  000.066: sourcing /Users/thet3o/.local/share/nvim/lazy/cmp-cmdline/after/plugin/cmp_cmdline.lua
061.277  000.079  000.079: require('cmp_path')
061.283  000.119  000.040: sourcing /Users/thet3o/.local/share/nvim/lazy/cmp-path/after/plugin/cmp_path.lua
061.629  000.060  000.060: require('cmp_buffer.timer')
061.631  000.141  000.080: require('cmp_buffer.buffer')
061.634  000.203  000.062: require('cmp_buffer.source')
061.635  000.257  000.054: require('cmp_buffer')
061.640  000.300  000.044: sourcing /Users/thet3o/.local/share/nvim/lazy/cmp-buffer/after/plugin/cmp_buffer.lua
061.764  000.066  000.066: sourcing /Users/thet3o/.local/share/nvim/lazy/cmp-nvim-lsp/after/plugin/cmp_nvim_lsp.lua
061.788  057.441  007.398: require('config.lazy')
061.789  057.601  000.022: sourcing /Users/thet3o/.config/nvim/init.lua
061.792  000.554: sourcing vimrc file(s)
062.049  000.023  000.023: sourcing /opt/homebrew/Cellar/neovim/0.10.2_1/share/nvim/runtime/filetype.lua
062.227  000.027  000.027: sourcing /opt/homebrew/Cellar/neovim/0.10.2_1/share/nvim/runtime/syntax/synload.vim
062.282  000.166  000.139: sourcing /opt/homebrew/Cellar/neovim/0.10.2_1/share/nvim/runtime/syntax/syntax.vim
062.285  000.304: inits 3
062.945  000.659: reading ShaDa
064.593  000.208  000.208: sourcing /opt/homebrew/Cellar/neovim/0.10.2_1/share/nvim/runtime/ftplugin/java.vim
065.267  000.207  000.207: sourcing /opt/homebrew/Cellar/neovim/0.10.2_1/share/nvim/runtime/indent/java.vim
065.576  000.268  000.268: require('vim.lsp.client')
065.976  000.170  000.170: require('vim.glob')
065.979  000.369  000.200: require('vim.lsp._dynamic')
066.523  000.528  000.528: require('vim._system')
070.740  000.093  000.093: require('luasnip.util.directed_graph')
070.855  000.095  000.095: require('luasnip.session.enqueueable_operations')
070.860  000.336  000.148: require('luasnip.loaders.from_lua')
071.892  000.180  000.180: require('luasnip.util.events')
071.913  000.727  000.547: require('luasnip.nodes.node')
072.180  000.267  000.267: require('luasnip.nodes.insertNode')
072.340  000.159  000.159: require('luasnip.nodes.textNode')
072.541  000.200  000.200: require('luasnip.util.mark')
072.704  000.161  000.161: require('luasnip.util.pattern_tokenizer')
072.850  000.145  000.145: require('luasnip.util.dict')
074.144  001.168  001.168: require('luasnip.util.jsregexp')
074.151  001.299  000.131: require('luasnip.nodes.util.trig_engines')
074.257  003.177  000.219: require('luasnip.nodes.snippet')
074.263  003.248  000.071: require('luasnip.nodes.duplicate')
074.268  003.327  000.079: require('luasnip.loaders.snippet_cache')
074.282  003.421  000.093: require('luasnip.loaders.from_snipmate')
074.947  000.058  000.058: require('luasnip.util.parser.neovim_ast')
075.031  000.083  000.083: require('luasnip.util.str')
075.658  000.623  000.623: require('luasnip.util.jsregexp')
075.663  000.836  000.071: require('luasnip.util.parser.ast_utils')
075.780  000.116  000.116: require('luasnip.nodes.functionNode')
075.864  000.083  000.083: require('luasnip.nodes.choiceNode')
075.939  000.074  000.074: require('luasnip.nodes.dynamicNode')
076.027  000.087  000.087: require('luasnip.util.functions')
076.030  001.266  000.070: require('luasnip.util.parser.ast_parser')
076.114  000.083  000.083: require('luasnip.util.parser.neovim_parser')
076.117  001.594  000.244: require('luasnip.util.parser')
076.176  000.057  000.057: require('luasnip.nodes.snippetProxy')
076.278  000.101  000.101: require('luasnip.util.jsonc')
076.283  001.994  000.242: require('luasnip.loaders.from_vscode')
078.553  000.209  000.209: sourcing /opt/homebrew/Cellar/neovim/0.10.2_1/share/nvim/runtime/syntax/dtd.vim
078.583  000.486  000.277: sourcing /opt/homebrew/Cellar/neovim/0.10.2_1/share/nvim/runtime/syntax/xml.vim
079.287  001.399  000.913: sourcing /opt/homebrew/Cellar/neovim/0.10.2_1/share/nvim/runtime/syntax/html.vim
080.006  002.554  001.154: sourcing /opt/homebrew/Cellar/neovim/0.10.2_1/share/nvim/runtime/syntax/java.vim
080.260  000.180  000.180: require('editorconfig')
080.465  007.456: opening buffers
080.502  000.037: BufEnter autocommands
080.504  000.002: editing files in windows
080.559  000.055: VimEnter autocommands
080.657  000.099: UIEnter autocommands
080.658  000.001: before starting main loop
080.985  000.327: first screen update
080.986  000.001: --- NVIM STARTED ---

--- Startup times for process: Primary/TUI ---

times in msec
 clock   self+sourced   self:  sourced script
 clock   elapsed:              other lines

000.000  000.000: --- NVIM STARTING ---
000.108  000.107: event init
000.263  000.155: early init
000.777  000.514: locale set
000.824  000.047: init first window
001.193  000.370: inits 1
001.200  000.007: window checked
001.323  000.123: parsing arguments
001.768  000.033  000.033: require('vim.shared')
001.842  000.037  000.037: require('vim.inspect')
001.901  000.048  000.048: require('vim._options')
001.903  000.132  000.046: require('vim._editor')
001.904  000.198  000.033: require('vim._init_packages')
001.906  000.385: init lua interpreter
002.300  000.394: --- NVIM STARTED ---

--- Startup times for process: Embedded ---

times in msec
 clock   self+sourced   self:  sourced script
 clock   elapsed:              other lines

000.000  000.000: --- NVIM STARTING ---
000.060  000.060: event init
000.164  000.104: early init
000.433  000.269: locale set
000.463  000.029: init first window
000.701  000.238: inits 1
000.713  000.012: window checked
000.799  000.087: parsing arguments
001.149  000.027  000.027: require('vim.shared')
001.210  000.030  000.030: require('vim.inspect')
001.244  000.026  000.026: require('vim._options')
001.246  000.094  000.038: require('vim._editor')
001.247  000.162  000.040: require('vim._init_packages')
001.248  000.287: init lua interpreter
002.800  001.552: expanding arguments
002.810  000.011: inits 2
003.020  000.209: init highlight
003.020  000.001: waiting for UI
003.100  000.080: done waiting for UI
003.103  000.002: clear screen
003.157  000.009  000.009: require('vim.keymap')
003.767  000.662  000.653: require('vim._defaults')
003.768  000.004: init default mappings & autocommands
004.208  000.044  000.044: sourcing /opt/homebrew/Cellar/neovim/0.10.2_1/share/nvim/runtime/ftplugin.vim
004.293  000.019  000.019: sourcing /opt/homebrew/Cellar/neovim/0.10.2_1/share/nvim/runtime/indent.vim
004.570  000.157  000.157: require('settings')
005.228  000.476  000.476: require('lazy')
005.254  000.017  000.017: require('ffi')
005.380  000.101  000.101: require('vim.fs')
005.533  000.147  000.147: require('vim.uri')
005.541  000.284  000.036: require('vim.loader')
005.793  000.223  000.223: require('lazy.stats')
005.974  000.152  000.152: require('lazy.core.util')
006.121  000.146  000.146: require('lazy.core.config')
006.345  000.091  000.091: require('lazy.core.handler')
006.775  000.172  000.172: require('lazy.pkg')
006.779  000.281  000.109: require('lazy.core.meta')
006.787  000.441  000.160: require('lazy.core.plugin')
006.793  000.671  000.139: require('lazy.core.loader')
007.399  000.156  000.156: require('lazy.core.fragments')
008.988  000.098  000.098: require('lazy.core.handler.event')
008.990  000.220  000.122: require('lazy.core.handler.ft')
009.158  000.166  000.166: require('lazy.core.handler.cmd')
009.235  000.075  000.075: require('lazy.core.handler.keys')
009.760  000.166  000.166: sourcing /opt/homebrew/Cellar/neovim/0.10.2_1/share/nvim/runtime/filetype.lua
011.406  000.846  000.846: require('vim.filetype')
012.621  000.078  000.078: require('luasnip.util.types')
012.624  000.217  000.139: require('luasnip.util.ext_opts')
012.985  000.096  000.096: require('luasnip.util.lazy_table')
013.074  000.088  000.088: require('luasnip.extras.filetype_functions')
013.079  000.330  000.145: require('luasnip.default_config')
013.081  000.456  000.126: require('luasnip.session')
013.082  001.301  000.629: require('luasnip.config')
013.273  000.083  000.083: require('luasnip.util.util')
013.418  000.065  000.065: require('luasnip.nodes.key_indexer')
013.423  000.149  000.084: require('luasnip.nodes.util')
013.588  000.069  000.069: require('luasnip.session.snippet_collection.source')
013.653  000.064  000.064: require('luasnip.util.table')
013.719  000.065  000.065: require('luasnip.util.auto_table')
013.726  000.302  000.104: require('luasnip.session.snippet_collection')
013.977  000.090  000.090: require('luasnip.util.select')
014.042  000.065  000.065: require('luasnip.util.time')
014.351  000.555  000.400: require('luasnip.util._builtin_vars')
014.392  000.664  000.110: require('luasnip.util.environ')
014.553  000.160  000.160: require('luasnip.util.extend_decorator')
014.761  000.135  000.135: require('luasnip.util.path')
014.935  000.099  000.099: require('luasnip.util.log')
014.938  000.177  000.078: require('luasnip.loaders.util')
015.004  000.003  000.003: require('vim.F')
015.007  000.068  000.066: require('luasnip.loaders.data')
015.092  000.084  000.084: require('luasnip.loaders.fs_watchers')
015.094  000.540  000.076: require('luasnip.loaders')
015.103  002.018  000.120: require('luasnip')
015.113  004.604  000.438: sourcing /Users/thet3o/.local/share/nvim/lazy/LuaSnip/plugin/luasnip.lua
015.172  000.016  000.016: sourcing /Users/thet3o/.local/share/nvim/lazy/LuaSnip/plugin/luasnip.vim
015.988  000.648  000.648: require('cmp.utils.api')
016.184  000.099  000.099: require('cmp.types.cmp')
016.380  000.084  000.084: require('cmp.utils.misc')
016.394  000.209  000.125: require('cmp.types.lsp')
016.469  000.074  000.074: require('cmp.types.vim')
016.470  000.481  000.099: require('cmp.types')
016.568  000.097  000.097: require('cmp.utils.highlight')
016.689  000.060  000.060: require('cmp.utils.debug')
016.692  000.123  000.063: require('cmp.utils.autocmd')
016.875  001.577  000.229: sourcing /Users/thet3o/.local/share/nvim/lazy/nvim-cmp/plugin/cmp.lua
017.442  000.092  000.092: require('cmp.utils.char')
017.447  000.190  000.098: require('cmp.utils.str')
017.726  000.083  000.083: require('cmp.utils.buffer')
017.729  000.209  000.126: require('cmp.utils.keymap')
017.730  000.283  000.073: require('cmp.utils.feedkeys')
017.996  000.093  000.093: require('cmp.config.mapping')
018.064  000.067  000.067: require('cmp.utils.cache')
018.273  000.129  000.129: require('cmp.config.compare')
018.275  000.209  000.080: require('cmp.config.default')
018.286  000.479  000.110: require('cmp.config')
018.293  000.562  000.083: require('cmp.utils.async')
018.478  000.116  000.116: require('cmp.utils.pattern')
018.484  000.190  000.074: require('cmp.context')
019.048  000.130  000.130: require('cmp.utils.snippet')
019.115  000.066  000.066: require('cmp.matcher')
019.119  000.469  000.274: require('cmp.entry')
019.123  000.639  000.169: require('cmp.source')
019.255  000.062  000.062: require('cmp.utils.event')
019.502  000.062  000.062: require('cmp.utils.options')
019.505  000.182  000.120: require('cmp.utils.window')
019.506  000.250  000.068: require('cmp.view.docs_view')
019.586  000.079  000.079: require('cmp.view.custom_entries_view')
019.659  000.072  000.072: require('cmp.view.wildmenu_entries_view')
019.767  000.107  000.107: require('cmp.view.native_entries_view')
019.842  000.074  000.074: require('cmp.view.ghost_text_view')
019.846  000.722  000.078: require('cmp.view')
020.192  003.098  000.512: require('cmp.core')
020.315  000.069  000.069: require('cmp.config.sources')
020.377  000.061  000.061: require('cmp.config.window')
020.395  003.391  000.163: require('cmp')
021.323  000.074  000.074: require('vim.lsp.log')
021.607  000.282  000.282: require('vim.lsp.protocol')
021.900  000.124  000.124: require('vim.lsp._snippet_grammar')
021.967  000.065  000.065: require('vim.highlight')
021.976  000.361  000.171: require('vim.lsp.util')
022.148  000.062  000.062: require('vim.lsp.sync')
022.151  000.172  000.110: require('vim.lsp._changetracking')
022.263  000.105  000.105: require('vim.lsp.rpc')
022.298  001.150  000.156: require('vim.lsp')
022.459  000.068  000.068: require('cmp_nvim_lsp.source')
022.461  000.136  000.069: require('cmp_nvim_lsp')
023.138  000.073  000.073: sourcing /Users/thet3o/.local/share/nvim/lazy/nvim-lspconfig/plugin/lspconfig.lua
023.720  000.156  000.156: require('lspconfig.util')
023.831  000.111  000.111: require('lspconfig.async')
023.833  000.596  000.330: require('lspconfig.configs')
023.836  001.374  000.704: require('lspconfig')
024.088  000.177  000.177: require('vim.lsp.handlers')
024.169  000.331  000.154: require('lspconfig.configs.jdtls')
024.554  000.091  000.091: require('lspconfig.manager')
024.639  000.081  000.081: require('lspconfig.configs.clangd')
024.904  007.976  001.422: require('config/nvim-cmp')
025.179  000.019  000.019: sourcing /Users/thet3o/.local/share/nvim/lazy/plenary.nvim/plugin/plenary.vim
025.424  000.018  000.018: sourcing /Users/thet3o/.local/share/nvim/lazy/nvim-web-devicons/plugin/nvim-web-devicons.vim
025.641  000.011  000.011: sourcing /Users/thet3o/.local/share/nvim/lazy/neo-tree.nvim/plugin/neo-tree.vim
026.819  000.375  000.375: require('neo-tree.log')
026.995  000.175  000.175: require('neo-tree.utils.filesize.filesize')
027.027  000.780  000.230: require('neo-tree.utils')
027.028  001.310  000.530: require('neo-tree')
027.318  000.131  000.131: require('neo-tree.defaults')
027.389  000.071  000.071: require('neo-tree.setup.mapping-helper')
027.574  000.059  000.059: require('neo-tree.collections')
027.576  000.121  000.063: require('neo-tree.events.queue')
027.577  000.187  000.066: require('neo-tree.events')
027.777  000.059  000.059: require('plenary.bit')
027.836  000.058  000.058: require('plenary.functional')
027.853  000.212  000.094: require('plenary.path')
027.914  000.061  000.061: require('neo-tree.sources.filesystem.lib.globtopattern')
027.917  000.339  000.067: require('neo-tree.sources.common.file-nesting')
027.988  000.070  000.070: require('neo-tree.ui.highlights')
028.435  000.100  000.100: require('nui.object')
028.622  000.064  000.064: require('vim.version')
029.250  000.757  000.693: require('nui.utils')
029.255  000.820  000.062: require('nui.text')
029.295  001.030  000.110: require('nui.line')
029.420  000.055  000.055: require('nui.tree.util')
029.424  000.129  000.074: require('nui.tree')
029.544  000.054  000.054: require('nui.utils.buf_storage')
029.614  000.069  000.069: require('nui.utils.autocmd')
029.671  000.057  000.057: require('nui.utils.keymap')
029.790  000.059  000.059: require('nui.layout.utils')
029.791  000.119  000.060: require('nui.split.utils')
029.797  000.372  000.073: require('nui.split')
030.026  000.122  000.122: require('nui.popup.border')
030.031  000.234  000.111: require('nui.popup')
030.091  000.059  000.059: require('neo-tree.ui.popups')
030.148  000.056  000.056: require('neo-tree.ui.windows')
030.157  001.980  000.101: require('neo-tree.ui.renderer')
030.386  000.055  000.055: require('plenary.compat')
030.393  000.168  000.113: require('plenary.job')
030.395  000.238  000.069: require('neo-tree.sources.filesystem.lib.filter_external')
030.459  000.063  000.063: require('neo-tree.sources.common.file-items')
030.737  000.096  000.096: require('neo-tree.git.utils')
030.742  000.164  000.068: require('neo-tree.git.status')
030.802  000.060  000.060: require('neo-tree.git.ignored')
030.803  000.283  000.059: require('neo-tree.git')
030.805  000.346  000.063: require('neo-tree.sources.filesystem.lib.fs_watch')
031.088  000.055  000.055: require('plenary.tbl')
031.089  000.111  000.056: require('plenary.vararg.rotate')
031.090  000.167  000.056: require('plenary.vararg')
031.144  000.053  000.053: require('plenary.errors')
031.145  000.281  000.061: require('plenary.async.async')
031.381  000.055  000.055: require('plenary.async.structs')
031.384  000.116  000.061: require('plenary.async.control')
031.386  000.183  000.067: require('plenary.async.util')
031.388  000.241  000.058: require('plenary.async.tests')
031.389  000.583  000.061: require('plenary.async')
031.393  003.332  000.124: require('neo-tree.sources.filesystem.lib.fs_scan')
031.536  000.084  000.084: require('nui.input')
031.538  000.144  000.061: require('neo-tree.ui.inputs')
031.544  003.555  000.078: require('neo-tree.sources.manager')
031.724  000.059  000.059: require('neo-tree.command.parser')
031.782  000.057  000.057: require('neo-tree.command.completion')
031.784  000.180  000.063: require('neo-tree.command')
031.785  000.240  000.060: require('neo-tree.setup.netrw')
031.841  000.055  000.055: require('neo-tree.sources.common.hijack_cursor')
031.843  004.779  000.130: require('neo-tree.setup')
032.086  000.062  000.062: require('neo-tree.setup.deprecations')
034.309  000.093  000.093: require('neo-tree.sources.filesystem')
034.461  000.074  000.074: require('neo-tree.sources.buffers.lib.items')
034.465  000.151  000.076: require('neo-tree.sources.buffers')
034.594  000.063  000.063: require('neo-tree.sources.git_status.lib.items')
034.597  000.129  000.066: require('neo-tree.sources.git_status')
034.993  000.134  000.134: require('neo-tree.sources.common.container')
034.998  000.215  000.081: require('neo-tree.sources.common.components')
035.011  000.290  000.075: require('neo-tree.sources.buffers.components')
036.149  000.853  000.853: require('plenary.scandir')
036.259  000.108  000.108: require('plenary')
036.266  001.095  000.133: require('neo-tree.sources.filesystem.lib.fs_actions')
036.362  000.095  000.095: require('neo-tree.sources.common.help')
036.497  000.134  000.134: require('neo-tree.sources.common.preview')
036.574  000.077  000.077: require('neo-tree.sources.common.node_expander')
036.586  001.508  000.108: require('neo-tree.sources.common.commands')
036.608  001.596  000.088: require('neo-tree.sources.buffers.commands')
036.739  000.071  000.071: require('neo-tree.sources.filesystem.components')
036.933  000.099  000.099: require('neo-tree.sources.filesystem.lib.filter')
036.975  000.236  000.136: require('neo-tree.sources.filesystem.commands')
037.155  000.078  000.078: require('neo-tree.sources.git_status.components')
037.229  000.073  000.073: require('neo-tree.sources.git_status.commands')
038.538  012.889  004.022: require('config/nvim-neo-tree')
039.475  000.063  000.063: sourcing /Users/thet3o/.local/share/nvim/lazy/nvim-java-test/plugin/java-test.lua
040.112  000.180  000.180: sourcing /Users/thet3o/.local/share/nvim/lazy/nvim-dap/plugin/dap.lua
041.110  000.078  000.078: require('mason-core.path')
041.306  000.101  000.101: require('mason-core.functional')
041.428  000.054  000.054: require('mason-core.functional.data')
041.431  000.115  000.061: require('mason-core.functional.function')
041.493  000.056  000.056: require('mason-core.functional.relation')
041.565  000.068  000.068: require('mason-core.functional.logic')
041.574  000.464  000.124: require('mason-core.platform')
041.640  000.065  000.065: require('mason.settings')
041.642  001.059  000.451: require('mason')
041.819  000.090  000.090: require('mason-core.functional.list')
041.878  000.058  000.058: require('mason-core.functional.string')
041.889  000.226  000.078: require('mason.api.command')
041.957  000.066  000.066: require('mason-registry.sources')
042.621  000.055  000.055: require('java-core.utils.notify')
042.705  000.083  000.083: require('java.utils.log')
042.706  000.194  000.056: require('java.handlers.error')
042.707  000.248  000.054: require('java.utils.jdtls2')
042.766  000.058  000.058: require('java-core.utils.async')
042.888  000.062  000.062: require('java-core.utils.log')
042.948  000.059  000.059: require('java-core.utils.class')
042.951  000.184  000.063: require('java-core.ls.clients.jdtls-client')
042.952  000.549  000.058: require('java.startup.decompile-watcher')
043.061  000.055  000.055: require('mason.ui')
043.325  000.065  000.065: require('mason-core.log')
043.327  000.153  000.088: require('mason-core.EventEmitter')
043.382  000.055  000.055: require('mason-core.optional')
043.498  000.060  000.060: require('mason-core.async')
043.552  000.053  000.053: require('mason-core.async.uv')
043.555  000.172  000.059: require('mason-core.fs')
043.562  000.449  000.069: require('mason-registry')
043.564  000.502  000.053: require('java.utils.mason')
043.617  000.052  000.052: require('java.ui.lazy')
043.670  000.052  000.052: require('java-core.utils.list')
043.671  000.719  000.058: require('java.startup.mason-dep')
043.780  000.056  000.056: require('java-core.utils.mason')
043.892  000.054  000.054: require('java-core.ls.servers.jdtls.config')
043.945  000.052  000.052: require('java-core.utils.path')
044.055  000.055  000.055: require('java-core.utils.file')
044.056  000.110  000.055: require('java-core.ls.servers.jdtls.plugins')
044.108  000.051  000.051: require('java-core.ls.servers.jdtls.utils')
044.109  000.328  000.061: require('java-core.ls.servers.jdtls')
044.110  000.438  000.054: require('java.startup.lspconfig-setup-wrap')
044.163  000.052  000.052: require('java.startup.startup-check')
044.213  000.050  000.050: require('java.utils.command')
044.398  000.049  000.049: require('java.utils.buffer')
044.448  000.050  000.050: require('java.utils.window')
044.550  000.050  000.050: require('java-dap.data.adapters')
044.606  000.055  000.055: require('java-core.ls.clients.java-debug-client')
044.608  000.159  000.054: require('java-dap.api.setup')
044.660  000.051  000.051: require('java-dap.api.runner')
044.871  000.049  000.049: require('java-core.utils.set')
044.966  000.094  000.094: require('java-core.ls.clients.java-test-client')
044.967  000.198  000.055: require('java-core.adapters')
044.968  000.288  000.090: require('java-core.api.test')
045.026  000.057  000.057: require('java.api.profile_config')
045.027  000.761  000.108: require('java.dap')
045.078  000.050  000.050: require('java.utils.jdtls')
045.132  000.053  000.053: require('java-test.reports.junit')
045.324  000.050  000.050: require('java-test.results.message-id')
045.375  000.050  000.050: require('java-test.results.result-status')
045.425  000.049  000.049: require('java-test.results.execution-status')
045.427  000.208  000.059: require('java-test.results.result-parser')
045.428  000.295  000.087: require('java-test.results.result-parser-factory')
045.533  000.050  000.050: require('java-test.utils.string-builder')
045.586  000.052  000.052: require('java-test.ui.report-viewer')
045.588  000.159  000.057: require('java-test.ui.floating-report-viewer')
045.590  001.376  000.057: require('java.api.test')
045.642  000.052  000.052: require('java.api.dap')
045.843  000.050  000.050: require('async.waits.wait')
045.844  000.101  000.052: require('java.utils.ui')
045.897  000.052  000.052: require('java.runner.run')
045.948  000.051  000.051: require('java.runner.run-logger')
045.950  000.259  000.055: require('java.runner.runner')
045.952  000.309  000.051: require('java.api.runner')
046.050  000.047  000.047: require('java.utils.config')
046.052  000.099  000.052: require('java.api.settings')
046.228  000.053  000.053: require('nui.layout.float')
046.281  000.052  000.052: require('nui.layout.split')
046.288  000.173  000.068: require('nui.layout')
046.364  000.076  000.076: require('nui.menu')
046.368  000.316  000.067: require('java.ui.profile')
046.418  000.049  000.049: require('java.config')
046.420  004.341  000.332: require('java')
046.428  004.380  000.039: sourcing /Users/thet3o/.local/share/nvim/lazy/nvim-java/plugin/java.lua
046.630  000.051  000.051: require('java.startup.mason-registry-check')
046.680  000.050  000.050: require('java.startup.exec-order-check')
046.730  000.049  000.049: require('java.startup.duplicate-setup-check')
046.780  000.049  000.049: require('java.startup.nvim-dep')
046.889  000.053  000.053: require('mason-core.result')
047.103  000.078  000.078: require('mason-core.process')
047.224  000.120  000.120: require('mason-core.spawn')
047.226  000.284  000.086: require('mason-core.managers.powershell')
047.279  000.053  000.053: require('mason.version')
047.280  000.391  000.054: require('mason-core.fetch')
047.332  000.051  000.051: require('mason-core.providers')
047.555  000.053  000.053: require('mason-core.functional.table')
047.595  000.152  000.099: require('mason-core.purl')
047.600  000.218  000.066: require('mason-core.package')
047.783  000.058  000.058: require('mason-core.installer.registry.expr')
047.787  000.125  000.066: require('mason-core.installer.registry.link')
048.090  000.059  000.059: require('mason-core.receipt')
048.099  000.132  000.073: require('mason-core.installer.context')
048.154  000.054  000.054: require('mason-core.async.control')
048.209  000.054  000.054: require('mason-core.installer.linker')
048.212  000.305  000.065: require('mason-core.installer')
048.218  000.375  000.069: require('mason-core.installer.managers.std')
048.219  000.432  000.057: require('mason-core.installer.registry.schemas')
048.271  000.051  000.051: require('mason-core.installer.registry.util')
048.282  000.681  000.074: require('mason-core.installer.registry')
048.283  000.950  000.051: require('mason-registry.sources.util')
048.287  001.506  000.061: require('mason-registry.sources.github')
048.576  000.055  000.055: require('dap.utils')
048.634  000.202  000.147: require('dap')
048.747  000.050  000.050: require('java-core.utils.event')
048.752  000.117  000.067: require('java-refactor')
048.888  000.051  000.051: require('mason-core.functional.type')
057.642  000.089  000.089: require('spring_boot')
057.785  000.061  000.061: require('spring_boot.config')
057.839  000.053  000.053: require('spring_boot.vscode')
057.892  000.052  000.052: require('spring_boot.classpath')
058.046  000.056  000.056: require('spring_boot.util')
058.047  000.105  000.049: require('spring_boot.jdtls')
058.048  000.156  000.050: require('spring_boot.java_data')
058.051  000.390  000.068: require('spring_boot.launch')
058.509  012.074  009.521: require('config/nvim-java')
058.666  000.035  000.035: sourcing /opt/homebrew/Cellar/neovim/0.10.2_1/share/nvim/runtime/plugin/editorconfig.lua
058.779  000.081  000.081: sourcing /opt/homebrew/Cellar/neovim/0.10.2_1/share/nvim/runtime/plugin/gzip.vim
058.858  000.049  000.049: sourcing /opt/homebrew/Cellar/neovim/0.10.2_1/share/nvim/runtime/plugin/man.lua
059.334  000.089  000.089: sourcing /opt/homebrew/Cellar/neovim/0.10.2_1/share/nvim/runtime/pack/dist/opt/matchit/plugin/matchit.vim
059.341  000.451  000.362: sourcing /opt/homebrew/Cellar/neovim/0.10.2_1/share/nvim/runtime/plugin/matchit.vim
059.436  000.063  000.063: sourcing /opt/homebrew/Cellar/neovim/0.10.2_1/share/nvim/runtime/plugin/matchparen.vim
059.584  000.117  000.117: sourcing /opt/homebrew/Cellar/neovim/0.10.2_1/share/nvim/runtime/plugin/netrwPlugin.vim
059.659  000.038  000.038: sourcing /opt/homebrew/Cellar/neovim/0.10.2_1/share/nvim/runtime/plugin/osc52.lua
059.753  000.059  000.059: sourcing /opt/homebrew/Cellar/neovim/0.10.2_1/share/nvim/runtime/plugin/rplugin.vim
059.814  000.024  000.024: sourcing /opt/homebrew/Cellar/neovim/0.10.2_1/share/nvim/runtime/plugin/shada.vim
059.855  000.007  000.007: sourcing /opt/homebrew/Cellar/neovim/0.10.2_1/share/nvim/runtime/plugin/spellfile.vim
059.935  000.046  000.046: sourcing /opt/homebrew/Cellar/neovim/0.10.2_1/share/nvim/runtime/plugin/tarPlugin.vim
060.001  000.030  000.030: sourcing /opt/homebrew/Cellar/neovim/0.10.2_1/share/nvim/runtime/plugin/tohtml.lua
060.043  000.007  000.007: sourcing /opt/homebrew/Cellar/neovim/0.10.2_1/share/nvim/runtime/plugin/tutor.vim
060.124  000.047  000.047: sourcing /opt/homebrew/Cellar/neovim/0.10.2_1/share/nvim/runtime/plugin/zipPlugin.vim
060.320  000.058  000.058: require('cmp_luasnip')
060.336  000.102  000.044: sourcing /Users/thet3o/.local/share/nvim/lazy/cmp_luasnip/after/plugin/cmp_luasnip.lua
060.490  000.072  000.072: require('cmp_cmdline')
060.495  000.104  000.033: sourcing /Users/thet3o/.local/share/nvim/lazy/cmp-cmdline/after/plugin/cmp_cmdline.lua
060.650  000.061  000.061: require('cmp_path')
060.654  000.093  000.032: sourcing /Users/thet3o/.local/share/nvim/lazy/cmp-path/after/plugin/cmp_path.lua
060.963  000.048  000.048: require('cmp_buffer.timer')
060.965  000.109  000.060: require('cmp_buffer.buffer')
060.966  000.161  000.052: require('cmp_buffer.source')
060.967  000.207  000.046: require('cmp_buffer')
060.971  000.237  000.030: sourcing /Users/thet3o/.local/share/nvim/lazy/cmp-buffer/after/plugin/cmp_buffer.lua
061.080  000.030  000.030: sourcing /Users/thet3o/.local/share/nvim/lazy/cmp-nvim-lsp/after/plugin/cmp_nvim_lsp.lua
061.100  056.528  006.998: require('config.lazy')
061.101  056.710  000.025: sourcing /Users/thet3o/.config/nvim/init.lua
061.104  000.563: sourcing vimrc file(s)
061.352  000.020  000.020: sourcing /opt/homebrew/Cellar/neovim/0.10.2_1/share/nvim/runtime/filetype.lua
061.525  000.025  000.025: sourcing /opt/homebrew/Cellar/neovim/0.10.2_1/share/nvim/runtime/syntax/synload.vim
061.578  000.161  000.136: sourcing /opt/homebrew/Cellar/neovim/0.10.2_1/share/nvim/runtime/syntax/syntax.vim
061.582  000.297: inits 3
062.271  000.689: reading ShaDa
063.885  000.210  000.210: sourcing /opt/homebrew/Cellar/neovim/0.10.2_1/share/nvim/runtime/ftplugin/java.vim
064.590  000.216  000.216: sourcing /opt/homebrew/Cellar/neovim/0.10.2_1/share/nvim/runtime/indent/java.vim
064.768  000.056  000.056: require('luasnip.util.directed_graph')
064.818  000.049  000.049: require('luasnip.session.enqueueable_operations')
064.820  000.182  000.076: require('luasnip.loaders.from_lua')
065.154  000.046  000.046: require('luasnip.util.events')
065.168  000.118  000.072: require('luasnip.nodes.node')
065.243  000.074  000.074: require('luasnip.nodes.insertNode')
065.299  000.055  000.055: require('luasnip.nodes.textNode')
065.352  000.052  000.052: require('luasnip.util.mark')
065.401  000.048  000.048: require('luasnip.util.pattern_tokenizer')
065.481  000.080  000.080: require('luasnip.util.dict')
065.935  000.404  000.404: require('luasnip.util.jsregexp')
065.936  000.454  000.050: require('luasnip.nodes.util.trig_engines')
065.958  000.984  000.102: require('luasnip.nodes.snippet')
065.960  001.033  000.049: require('luasnip.nodes.duplicate')
065.961  001.082  000.049: require('luasnip.loaders.snippet_cache')
065.964  001.142  000.060: require('luasnip.loaders.from_snipmate')
066.233  000.054  000.054: require('luasnip.util.parser.neovim_ast')
066.310  000.077  000.077: require('luasnip.util.str')
066.600  000.288  000.288: require('luasnip.util.jsregexp')
066.602  000.474  000.055: require('luasnip.util.parser.ast_utils')
066.661  000.058  000.058: require('luasnip.nodes.functionNode')
066.722  000.061  000.061: require('luasnip.nodes.choiceNode')
066.781  000.058  000.058: require('luasnip.nodes.dynamicNode')
066.828  000.047  000.047: require('luasnip.util.functions')
066.831  000.754  000.056: require('luasnip.util.parser.ast_parser')
066.945  000.114  000.114: require('luasnip.util.parser.neovim_parser')
066.949  000.924  000.056: require('luasnip.util.parser')
066.997  000.048  000.048: require('luasnip.nodes.snippetProxy')
067.074  000.076  000.076: require('luasnip.util.jsonc')
067.078  001.114  000.066: require('luasnip.loaders.from_vscode')
067.871  000.243  000.243: require('vim.lsp.client')
068.231  000.158  000.158: require('vim.glob')
068.233  000.337  000.179: require('vim.lsp._dynamic')
068.825  000.581  000.581: require('vim._system')
075.076  000.285  000.285: sourcing /opt/homebrew/Cellar/neovim/0.10.2_1/share/nvim/runtime/syntax/dtd.vim
075.105  000.600  000.315: sourcing /opt/homebrew/Cellar/neovim/0.10.2_1/share/nvim/runtime/syntax/xml.vim
075.833  001.595  000.995: sourcing /opt/homebrew/Cellar/neovim/0.10.2_1/share/nvim/runtime/syntax/html.vim
076.564  002.829  001.234: sourcing /opt/homebrew/Cellar/neovim/0.10.2_1/share/nvim/runtime/syntax/java.vim
076.870  000.230  000.230: require('editorconfig')
077.039  007.685: opening buffers
077.112  000.073: BufEnter autocommands
077.114  000.002: editing files in windows
077.170  000.057: VimEnter autocommands
077.315  000.145: UIEnter autocommands
077.316  000.001: before starting main loop
077.570  000.254: first screen update
077.571  000.001: --- NVIM STARTED ---

